<?xml version="1.0" encoding="UTF-8"?>
<!-- Generated by org.testng.reporters.JUnitReportReporter -->
<testsuite hostname="LIN-5CD530880Y" failures="0" tests="2" name="runners.TestRunner_ecomm" time="12.760" errors="0" timestamp="2025-10-26T15:05:13 IST" skipped="0">
  <testcase classname="runners.TestRunner_ecomm" name="runScenario" time="9.893"/>
  <testcase classname="runners.TestRunner_ecomm" name="runScenario" time="2.867"/>
</testsuite> <!-- runners.TestRunner_ecomm -->
