<?xml version="1.0" encoding="UTF-8"?>
<!-- Generated by org.testng.reporters.JUnitReportReporter -->
<testsuite hostname="LIN-5CD530880Y" failures="0" tests="2" name="runners.TestRunner_ecomm" time="7.112" errors="0" timestamp="2025-10-25T02:53:49 IST" skipped="0">
  <testcase classname="runners.TestRunner_ecomm" name="runScenario" time="2.440"/>
  <testcase classname="runners.TestRunner_ecomm" name="runScenario" time="4.672"/>
</testsuite> <!-- runners.TestRunner_ecomm -->
